# JRE version: OpenJDK Runtime Environment (8.0_242-b01) (build 1.8.0_242-release-1644-b01)
# Java VM: OpenJDK 64-Bit Server VM (25.242-b01 mixed mode windows-amd64 compressed oops)
Heap:
 PSYoungGen      total 150016K, used 70112K [0x00000000d5580000, 0x00000000e1700000, 0x0000000100000000)
  eden space 110592K, 35% used [0x00000000d5580000,0x00000000d7c43f88,0x00000000dc180000)
  from space 39424K, 77% used [0x00000000dea80000,0x00000000e08342e8,0x00000000e1100000)
  to   space 41984K, 0% used [0x00000000dc180000,0x00000000dc180000,0x00000000dea80000)
 ParOldGen       total 147456K, used 78065K [0x0000000080000000, 0x0000000089000000, 0x00000000d5580000)
  object space 147456K, 52% used [0x0000000080000000,0x0000000084c3c4c8,0x0000000089000000)
 Metaspace       used 78005K, capacity 81442K, committed 81704K, reserved 1122304K
  class space    used 10361K, capacity 11036K, committed 11056K, reserved 1048576K
GC Heap History (10 events):
Event: 147.563 GC heap before
{Heap before GC invocations=36 (full 4):
 PSYoungGen      total 123392K, used 104096K [0x00000000d5580000, 0x00000000dff00000, 0x0000000100000000)
  eden space 86528K, 100% used [0x00000000d5580000,0x00000000daa00000,0x00000000daa00000)
  from space 36864K, 47% used [0x00000000daa00000,0x00000000dbb28108,0x00000000dce00000)
  to   space 39424K, 0% used [0x00000000dd880000,0x00000000dd880000,0x00000000dff00000)
 ParOldGen       total 147456K, used 78025K [0x0000000080000000, 0x0000000089000000, 0x00000000d5580000)
  object space 147456K, 52% used [0x0000000080000000,0x0000000084c324c8,0x0000000089000000)
 Metaspace       used 71893K, capacity 74872K, committed 75304K, reserved 1114112K
  class space    used 9628K, capacity 10243K, committed 10288K, reserved 1048576K
Event: 147.627 GC heap after
Heap after GC invocations=36 (full 4):
 PSYoungGen      total 134144K, used 19984K [0x00000000d5580000, 0x00000000dfe80000, 0x0000000100000000)
  eden space 95232K, 0% used [0x00000000d5580000,0x00000000d5580000,0x00000000db280000)
  from space 38912K, 51% used [0x00000000dd880000,0x00000000dec04010,0x00000000dfe80000)
  to   space 38912K, 0% used [0x00000000db280000,0x00000000db280000,0x00000000dd880000)
 ParOldGen       total 147456K, used 78033K [0x0000000080000000, 0x0000000089000000, 0x00000000d5580000)
  object space 147456K, 52% used [0x0000000080000000,0x0000000084c344c8,0x0000000089000000)
 Metaspace       used 71893K, capacity 74872K, committed 75304K, reserved 1114112K
  class space    used 9628K, capacity 10243K, committed 10288K, reserved 1048576K
}
Event: 148.820 GC heap before
{Heap before GC invocations=37 (full 4):
 PSYoungGen      total 134144K, used 115216K [0x00000000d5580000, 0x00000000dfe80000, 0x0000000100000000)
  eden space 95232K, 100% used [0x00000000d5580000,0x00000000db280000,0x00000000db280000)
  from space 38912K, 51% used [0x00000000dd880000,0x00000000dec04010,0x00000000dfe80000)
  to   space 38912K, 0% used [0x00000000db280000,0x00000000db280000,0x00000000dd880000)
 ParOldGen       total 147456K, used 78033K [0x0000000080000000, 0x0000000089000000, 0x00000000d5580000)
  object space 147456K, 52% used [0x0000000080000000,0x0000000084c344c8,0x0000000089000000)
 Metaspace       used 72019K, capacity 75070K, committed 75560K, reserved 1114112K
  class space    used 9628K, capacity 10244K, committed 10288K, reserved 1048576K
Event: 148.858 GC heap after
Heap after GC invocations=37 (full 4):
 PSYoungGen      total 134144K, used 19280K [0x00000000d5580000, 0x00000000e0800000, 0x0000000100000000)
  eden space 95232K, 0% used [0x00000000d5580000,0x00000000d5580000,0x00000000db280000)
  from space 38912K, 49% used [0x00000000db280000,0x00000000dc5542b8,0x00000000dd880000)
  to   space 38400K, 0% used [0x00000000de280000,0x00000000de280000,0x00000000e0800000)
 ParOldGen       total 147456K, used 78041K [0x0000000080000000, 0x0000000089000000, 0x00000000d5580000)
  object space 147456K, 52% used [0x0000000080000000,0x0000000084c364c8,0x0000000089000000)
 Metaspace       used 72019K, capacity 75070K, committed 75560K, reserved 1114112K
  class space    used 9628K, capacity 10244K, committed 10288K, reserved 1048576K
}
Event: 239.953 GC heap before
{Heap before GC invocations=38 (full 4):
 PSYoungGen      total 134144K, used 114512K [0x00000000d5580000, 0x00000000e0800000, 0x0000000100000000)
  eden space 95232K, 100% used [0x00000000d5580000,0x00000000db280000,0x00000000db280000)
  from space 38912K, 49% used [0x00000000db280000,0x00000000dc5542b8,0x00000000dd880000)
  to   space 38400K, 0% used [0x00000000de280000,0x00000000de280000,0x00000000e0800000)
 ParOldGen       total 147456K, used 78041K [0x0000000080000000, 0x0000000089000000, 0x00000000d5580000)
  object space 147456K, 52% used [0x0000000080000000,0x0000000084c364c8,0x0000000089000000)
 Metaspace       used 72779K, capacity 75970K, committed 76200K, reserved 1116160K
  class space    used 9703K, capacity 10368K, committed 10416K, reserved 1048576K
Event: 240.011 GC heap after
Heap after GC invocations=38 (full 4):
 PSYoungGen      total 140288K, used 20486K [0x00000000d5580000, 0x00000000e0580000, 0x0000000100000000)
  eden space 104448K, 0% used [0x00000000d5580000,0x00000000d5580000,0x00000000dbb80000)
  from space 35840K, 57% used [0x00000000de280000,0x00000000df681b70,0x00000000e0580000)
  to   space 37888K, 0% used [0x00000000dbb80000,0x00000000dbb80000,0x00000000de080000)
 ParOldGen       total 147456K, used 78049K [0x0000000080000000, 0x0000000089000000, 0x00000000d5580000)
  object space 147456K, 52% used [0x0000000080000000,0x0000000084c384c8,0x0000000089000000)
 Metaspace       used 72779K, capacity 75970K, committed 76200K, reserved 1116160K
  class space    used 9703K, capacity 10368K, committed 10416K, reserved 1048576K
}
Event: 288.674 GC heap before
{Heap before GC invocations=39 (full 4):
 PSYoungGen      total 140288K, used 124934K [0x00000000d5580000, 0x00000000e0580000, 0x0000000100000000)
  eden space 104448K, 100% used [0x00000000d5580000,0x00000000dbb80000,0x00000000dbb80000)
  from space 35840K, 57% used [0x00000000de280000,0x00000000df681b70,0x00000000e0580000)
  to   space 37888K, 0% used [0x00000000dbb80000,0x00000000dbb80000,0x00000000de080000)
 ParOldGen       total 147456K, used 78049K [0x0000000080000000, 0x0000000089000000, 0x00000000d5580000)
  object space 147456K, 52% used [0x0000000080000000,0x0000000084c384c8,0x0000000089000000)
 Metaspace       used 75408K, capacity 78596K, committed 78888K, reserved 1118208K
  class space    used 10026K, capacity 10689K, committed 10800K, reserved 1048576K
Event: 288.889 GC heap after
Heap after GC invocations=39 (full 4):
 PSYoungGen      total 142336K, used 24886K [0x00000000d5580000, 0x00000000e1100000, 0x0000000100000000)
  eden space 104448K, 0% used [0x00000000d5580000,0x00000000d5580000,0x00000000dbb80000)
  from space 37888K, 65% used [0x00000000dbb80000,0x00000000dd3cdb48,0x00000000de080000)
  to   space 39424K, 0% used [0x00000000dea80000,0x00000000dea80000,0x00000000e1100000)
 ParOldGen       total 147456K, used 78057K [0x0000000080000000, 0x0000000089000000, 0x00000000d5580000)
  object space 147456K, 52% used [0x0000000080000000,0x0000000084c3a4c8,0x0000000089000000)
 Metaspace       used 75408K, capacity 78596K, committed 78888K, reserved 1118208K
  class space    used 10026K, capacity 10689K, committed 10800K, reserved 1048576K
}
Event: 363.294 GC heap before
{Heap before GC invocations=40 (full 4):
 PSYoungGen      total 142336K, used 129334K [0x00000000d5580000, 0x00000000e1100000, 0x0000000100000000)
  eden space 104448K, 100% used [0x00000000d5580000,0x00000000dbb80000,0x00000000dbb80000)
  from space 37888K, 65% used [0x00000000dbb80000,0x00000000dd3cdb48,0x00000000de080000)
  to   space 39424K, 0% used [0x00000000dea80000,0x00000000dea80000,0x00000000e1100000)
 ParOldGen       total 147456K, used 78057K [0x0000000080000000, 0x0000000089000000, 0x00000000d5580000)
  object space 147456K, 52% used [0x0000000080000000,0x0000000084c3a4c8,0x0000000089000000)
 Metaspace       used 77437K, capacity 80712K, committed 80808K, reserved 1120256K
  class space    used 10266K, capacity 10919K, committed 10928K, reserved 1048576K
Event: 364.422 GC heap after
Heap after GC invocations=40 (full 4):
 PSYoungGen      total 150016K, used 30416K [0x00000000d5580000, 0x00000000e1700000, 0x0000000100000000)
  eden space 110592K, 0% used [0x00000000d5580000,0x00000000d5580000,0x00000000dc180000)
  from space 39424K, 77% used [0x00000000dea80000,0x00000000e08342e8,0x00000000e1100000)
  to   space 41984K, 0% used [0x00000000dc180000,0x00000000dc180000,0x00000000dea80000)
 ParOldGen       total 147456K, used 78065K [0x0000000080000000, 0x0000000089000000, 0x00000000d5580000)
  object space 147456K, 52% used [0x0000000080000000,0x0000000084c3c4c8,0x0000000089000000)
 Metaspace       used 77437K, capacity 80712K, committed 80808K, reserved 1120256K
  class space    used 10266K, capacity 10919K, committed 10928K, reserved 1048576K
}

