# JRE version: OpenJDK Runtime Environment (8.0_242-b01) (build 1.8.0_242-release-1644-b01)
# Java VM: OpenJDK 64-Bit Server VM (25.242-b01 mixed mode windows-amd64 compressed oops)
Heap:
 PSYoungGen      total 30208K, used 25178K [0x00000000d5580000, 0x00000000d8800000, 0x0000000100000000)
  eden space 14336K, 92% used [0x00000000d5580000,0x00000000d6282e20,0x00000000d6380000)
  from space 15872K, 74% used [0x00000000d7400000,0x00000000d7f93c80,0x00000000d8380000)
  to   space 16896K, 0% used [0x00000000d6380000,0x00000000d6380000,0x00000000d7400000)
 ParOldGen       total 40448K, used 17842K [0x0000000080000000, 0x0000000082780000, 0x00000000d5580000)
  object space 40448K, 44% used [0x0000000080000000,0x000000008116ca70,0x0000000082780000)
 Metaspace       used 51046K, capacity 53166K, committed 53336K, reserved 1095680K
  class space    used 6827K, capacity 7281K, committed 7296K, reserved 1048576K
GC Heap History (10 events):
Event: 151.848 GC heap before
{Heap before GC invocations=32 (full 2):
 PSYoungGen      total 29184K, used 28813K [0x00000000d5580000, 0x00000000d7d00000, 0x0000000100000000)
  eden space 19968K, 100% used [0x00000000d5580000,0x00000000d6900000,0x00000000d6900000)
  from space 9216K, 95% used [0x00000000d6900000,0x00000000d71a3498,0x00000000d7200000)
  to   space 10240K, 0% used [0x00000000d7300000,0x00000000d7300000,0x00000000d7d00000)
 ParOldGen       total 40448K, used 13949K [0x0000000080000000, 0x0000000082780000, 0x00000000d5580000)
  object space 40448K, 34% used [0x0000000080000000,0x0000000080d9f470,0x0000000082780000)
 Metaspace       used 45590K, capacity 47430K, committed 47576K, reserved 1089536K
  class space    used 6159K, capacity 6547K, committed 6656K, reserved 1048576K
Event: 151.871 GC heap after
Heap after GC invocations=32 (full 2):
 PSYoungGen      total 30208K, used 9561K [0x00000000d5580000, 0x00000000d7d00000, 0x0000000100000000)
  eden space 19968K, 0% used [0x00000000d5580000,0x00000000d5580000,0x00000000d6900000)
  from space 10240K, 93% used [0x00000000d7300000,0x00000000d7c56650,0x00000000d7d00000)
  to   space 9216K, 0% used [0x00000000d6900000,0x00000000d6900000,0x00000000d7200000)
 ParOldGen       total 40448K, used 13957K [0x0000000080000000, 0x0000000082780000, 0x00000000d5580000)
  object space 40448K, 34% used [0x0000000080000000,0x0000000080da1470,0x0000000082780000)
 Metaspace       used 45590K, capacity 47430K, committed 47576K, reserved 1089536K
  class space    used 6159K, capacity 6547K, committed 6656K, reserved 1048576K
}
Event: 155.172 GC heap before
{Heap before GC invocations=33 (full 2):
 PSYoungGen      total 30208K, used 29529K [0x00000000d5580000, 0x00000000d7d00000, 0x0000000100000000)
  eden space 19968K, 100% used [0x00000000d5580000,0x00000000d6900000,0x00000000d6900000)
  from space 10240K, 93% used [0x00000000d7300000,0x00000000d7c56650,0x00000000d7d00000)
  to   space 9216K, 0% used [0x00000000d6900000,0x00000000d6900000,0x00000000d7200000)
 ParOldGen       total 40448K, used 13957K [0x0000000080000000, 0x0000000082780000, 0x00000000d5580000)
  object space 40448K, 34% used [0x0000000080000000,0x0000000080da1470,0x0000000082780000)
 Metaspace       used 46338K, capacity 48152K, committed 48472K, reserved 1091584K
  class space    used 6261K, capacity 6678K, committed 6784K, reserved 1048576K
Event: 155.187 GC heap after
Heap after GC invocations=33 (full 2):
 PSYoungGen      total 29184K, used 9212K [0x00000000d5580000, 0x00000000d7d00000, 0x0000000100000000)
  eden space 19968K, 0% used [0x00000000d5580000,0x00000000d5580000,0x00000000d6900000)
  from space 9216K, 99% used [0x00000000d6900000,0x00000000d71ff300,0x00000000d7200000)
  to   space 10240K, 0% used [0x00000000d7300000,0x00000000d7300000,0x00000000d7d00000)
 ParOldGen       total 40448K, used 15474K [0x0000000080000000, 0x0000000082780000, 0x00000000d5580000)
  object space 40448K, 38% used [0x0000000080000000,0x0000000080f1caf0,0x0000000082780000)
 Metaspace       used 46338K, capacity 48152K, committed 48472K, reserved 1091584K
  class space    used 6261K, capacity 6678K, committed 6784K, reserved 1048576K
}
Event: 161.851 GC heap before
{Heap before GC invocations=34 (full 2):
 PSYoungGen      total 29184K, used 28509K [0x00000000d5580000, 0x00000000d7d00000, 0x0000000100000000)
  eden space 19968K, 96% used [0x00000000d5580000,0x00000000d68583b8,0x00000000d6900000)
  from space 9216K, 99% used [0x00000000d6900000,0x00000000d71ff300,0x00000000d7200000)
  to   space 10240K, 0% used [0x00000000d7300000,0x00000000d7300000,0x00000000d7d00000)
 ParOldGen       total 40448K, used 15474K [0x0000000080000000, 0x0000000082780000, 0x00000000d5580000)
  object space 40448K, 38% used [0x0000000080000000,0x0000000080f1caf0,0x0000000082780000)
 Metaspace       used 48116K, capacity 50010K, committed 50264K, reserved 1093632K
  class space    used 6483K, capacity 6919K, committed 7040K, reserved 1048576K
Event: 161.884 GC heap after
Heap after GC invocations=34 (full 2):
 PSYoungGen      total 25600K, used 10236K [0x00000000d5580000, 0x00000000d8600000, 0x0000000100000000)
  eden space 15360K, 0% used [0x00000000d5580000,0x00000000d5580000,0x00000000d6480000)
  from space 10240K, 99% used [0x00000000d7300000,0x00000000d7cff3a0,0x00000000d7d00000)
  to   space 14848K, 0% used [0x00000000d6480000,0x00000000d6480000,0x00000000d7300000)
 ParOldGen       total 40448K, used 17762K [0x0000000080000000, 0x0000000082780000, 0x00000000d5580000)
  object space 40448K, 43% used [0x0000000080000000,0x0000000081158a60,0x0000000082780000)
 Metaspace       used 48116K, capacity 50010K, committed 50264K, reserved 1093632K
  class space    used 6483K, capacity 6919K, committed 7040K, reserved 1048576K
}
Event: 168.675 GC heap before
{Heap before GC invocations=35 (full 2):
 PSYoungGen      total 25600K, used 25596K [0x00000000d5580000, 0x00000000d8600000, 0x0000000100000000)
  eden space 15360K, 100% used [0x00000000d5580000,0x00000000d6480000,0x00000000d6480000)
  from space 10240K, 99% used [0x00000000d7300000,0x00000000d7cff3a0,0x00000000d7d00000)
  to   space 14848K, 0% used [0x00000000d6480000,0x00000000d6480000,0x00000000d7300000)
 ParOldGen       total 40448K, used 17762K [0x0000000080000000, 0x0000000082780000, 0x00000000d5580000)
  object space 40448K, 43% used [0x0000000080000000,0x0000000081158a60,0x0000000082780000)
 Metaspace       used 50568K, capacity 52562K, committed 52696K, reserved 1095680K
  class space    used 6748K, capacity 7167K, committed 7168K, reserved 1048576K
Event: 168.716 GC heap after
Heap after GC invocations=35 (full 2):
 PSYoungGen      total 30208K, used 11435K [0x00000000d5580000, 0x00000000d8380000, 0x0000000100000000)
  eden space 15360K, 0% used [0x00000000d5580000,0x00000000d5580000,0x00000000d6480000)
  from space 14848K, 77% used [0x00000000d6480000,0x00000000d6faaf48,0x00000000d7300000)
  to   space 15872K, 0% used [0x00000000d7400000,0x00000000d7400000,0x00000000d8380000)
 ParOldGen       total 40448K, used 17834K [0x0000000080000000, 0x0000000082780000, 0x00000000d5580000)
  object space 40448K, 44% used [0x0000000080000000,0x000000008116aa70,0x0000000082780000)
 Metaspace       used 50568K, capacity 52562K, committed 52696K, reserved 1095680K
  class space    used 6748K, capacity 7167K, committed 7168K, reserved 1048576K
}
Event: 170.350 GC heap before
{Heap before GC invocations=36 (full 2):
 PSYoungGen      total 30208K, used 26795K [0x00000000d5580000, 0x00000000d8380000, 0x0000000100000000)
  eden space 15360K, 100% used [0x00000000d5580000,0x00000000d6480000,0x00000000d6480000)
  from space 14848K, 77% used [0x00000000d6480000,0x00000000d6faaf48,0x00000000d7300000)
  to   space 15872K, 0% used [0x00000000d7400000,0x00000000d7400000,0x00000000d8380000)
 ParOldGen       total 40448K, used 17834K [0x0000000080000000, 0x0000000082780000, 0x00000000d5580000)
  object space 40448K, 44% used [0x0000000080000000,0x000000008116aa70,0x0000000082780000)
 Metaspace       used 50967K, capacity 52912K, committed 53080K, reserved 1095680K
  class space    used 6815K, capacity 7239K, committed 7296K, reserved 1048576K
Event: 170.371 GC heap after
Heap after GC invocations=36 (full 2):
 PSYoungGen      total 30208K, used 11855K [0x00000000d5580000, 0x00000000d8800000, 0x0000000100000000)
  eden space 14336K, 0% used [0x00000000d5580000,0x00000000d5580000,0x00000000d6380000)
  from space 15872K, 74% used [0x00000000d7400000,0x00000000d7f93c80,0x00000000d8380000)
  to   space 16896K, 0% used [0x00000000d6380000,0x00000000d6380000,0x00000000d7400000)
 ParOldGen       total 40448K, used 17842K [0x0000000080000000, 0x0000000082780000, 0x00000000d5580000)
  object space 40448K, 44% used [0x0000000080000000,0x000000008116ca70,0x0000000082780000)
 Metaspace       used 50967K, capacity 52912K, committed 53080K, reserved 1095680K
  class space    used 6815K, capacity 7239K, committed 7296K, reserved 1048576K
}

